[debug] [2023-07-05T19:11:38.411Z] ----------------------------------------------------------------------
[debug] [2023-07-05T19:11:38.413Z] Command:       C:\Program Files\nodejs\node.exe C:\Users\garve\AppData\Roaming\npm\node_modules\firebase-tools\lib\bin\firebase.js init
[debug] [2023-07-05T19:11:38.413Z] CLI Version:   12.4.2
[debug] [2023-07-05T19:11:38.413Z] Platform:      win32
[debug] [2023-07-05T19:11:38.414Z] Node Version:  v18.16.1
[debug] [2023-07-05T19:11:38.415Z] Time:          Thu Jul 06 2023 00:41:38 GMT+0530 (India Standard Time)
[debug] [2023-07-05T19:11:38.415Z] ----------------------------------------------------------------------
[debug] 
[debug] [2023-07-05T19:11:38.485Z] > command requires scopes: ["email","openid","https://www.googleapis.com/auth/cloudplatformprojects.readonly","https://www.googleapis.com/auth/firebase","https://www.googleapis.com/auth/cloud-platform"]
[debug] [2023-07-05T19:11:38.485Z] > authorizing via signed-in user (garveshtiwari1999@gmail.com)
[info] 
     ######## #### ########  ######## ########     ###     ######  ########
     ##        ##  ##     ## ##       ##     ##  ##   ##  ##       ##
     ######    ##  ########  ######   ########  #########  ######  ######
     ##        ##  ##    ##  ##       ##     ## ##     ##       ## ##
     ##       #### ##     ## ######## ########  ##     ##  ######  ########

You're about to initialize a Firebase project in this directory:

  C:\Users\garve\OneDrive\Desktop\chat-app-main

Before we get started, keep in mind:

  * You are initializing within an existing Firebase project directory

[info] 
=== Project Setup
[info] 
[info] First, let's associate this project directory with a Firebase project.
[info] You can create multiple project aliases by running firebase use --add, 
[info] but for now we'll just set up a default project.
[info] 
[debug] [2023-07-05T19:11:46.129Z] Using project from CLI flag: chat-web-app-70105
[debug] [2023-07-05T19:11:46.130Z] > refreshing access token with scopes: []
[debug] [2023-07-05T19:11:46.132Z] >>> [apiv2][query] POST https://www.googleapis.com/oauth2/v3/token [none]
[debug] [2023-07-05T19:11:46.132Z] >>> [apiv2][body] POST https://www.googleapis.com/oauth2/v3/token [omitted]
[debug] [2023-07-05T19:11:46.430Z] <<< [apiv2][status] POST https://www.googleapis.com/oauth2/v3/token 200
[debug] [2023-07-05T19:11:46.430Z] <<< [apiv2][body] POST https://www.googleapis.com/oauth2/v3/token [omitted]
[debug] [2023-07-05T19:11:46.435Z] >>> [apiv2][query] GET https://firebase.googleapis.com/v1beta1/projects/chat-web-app-70105 [none]
[debug] [2023-07-05T19:11:47.191Z] <<< [apiv2][status] GET https://firebase.googleapis.com/v1beta1/projects/chat-web-app-70105 403
[debug] [2023-07-05T19:11:47.192Z] <<< [apiv2][body] GET https://firebase.googleapis.com/v1beta1/projects/chat-web-app-70105 {"error":{"code":403,"message":"The caller does not have permission","status":"PERMISSION_DENIED"}}
[debug] [2023-07-05T19:11:47.193Z] HTTP Error: 403, The caller does not have permission
[debug] [2023-07-05T19:11:47.413Z] FirebaseError: HTTP Error: 403, The caller does not have permission
    at responseToError (C:\Users\garve\AppData\Roaming\npm\node_modules\firebase-tools\lib\responseToError.js:49:12)
    at RetryOperation._fn (C:\Users\garve\AppData\Roaming\npm\node_modules\firebase-tools\lib\apiv2.js:288:77)
    at process.processTicksAndRejections (node:internal/process/task_queues:95:5)
[error] 
[error] Error: Failed to get Firebase project chat-web-app-70105. Please make sure the project exists and your account has permission to access it.
